Arguments: 
  C:\Program Files\nodejs\node.exe C:\Users\asus\AppData\Roaming\npm\node_modules\yarn\bin\yarn.js test -- --watch

PATH: 
  C:\ProgramData\Oracle\Java\javapath;C:\Program Files (x86)\Intel\iCLS Client\;C:\Program Files\Intel\iCLS Client\;C:\Windows\system32;C:\Windows;C:\Windows\System32\Wbem;C:\Windows\System32\WindowsPowerShell\v1.0\;C:\Program Files\Intel\Intel(R) Management Engine Components\DAL;C:\Program Files (x86)\Intel\Intel(R) Management Engine Components\DAL;C:\Program Files\Intel\Intel(R) Management Engine Components\IPT;C:\Program Files (x86)\Intel\Intel(R) Management Engine Components\IPT;C:\WINDOWS\system32;C:\WINDOWS;C:\WINDOWS\System32\Wbem;C:\WINDOWS\System32\WindowsPowerShell\v1.0\;C:\Program Files\nodejs\;C:\Program Files (x86)\NVIDIA Corporation\PhysX\Common;C:\Maven\bin;C:\WINDOWS\system32;C:\WINDOWS;C:\WINDOWS\System32\Wbem;C:\WINDOWS\System32\WindowsPowerShell\v1.0\;C:\Users\asus\adb-fastboot\platform-tools;C:\Users\asus\AppData\Local\Programs\Python\Python37-32\Scripts\;C:\Users\asus\AppData\Local\Programs\Python\Python37-32\;C:\Users\asus\AppData\Local\Microsoft\WindowsApps;C:\Users\asus\AppData\Roaming\n;C:\Users\asus\Downloads\Compressed\#new\platform-tools-latest-windows_2\platform-tools;C:\Users\asus\AppData\Local\Programs\Python\Python37-32\Scripts\;C:\Users\asus\AppData\Local\Programs\Python\Python37-32\;C:\Users\asus\AppData\Local\Microsoft\WindowsApps;C:\Users\asus\AppData\Roaming\npm;;C:\Program Files\Microsoft VS Code\bin

Yarn version: 
  1.5.1

Node version: 
  8.5.0

Platform: 
  win32 x64

npm manifest: 
  {
    "name": "expensify",
    "version": "1.0.0",
    "description": "",
    "main": "index.js",
    "scripts": {
      "build": "webpack",
      "dev-server": "webpack-dev-server",
      "test": "jest"
    },
    "author": "Helsey",
    "license": "ISC",
    "dependencies": {
      "babel-core": "^6.25.0",
      "babel-loader": "^7.1.1",
      "babel-plugin-transform-class-properties": "^6.24.1",
      "babel-plugin-transform-object-rest-spread": "^6.26.0",
      "babel-preset-env": "^1.5.2",
      "babel-preset-react": "^6.24.1",
      "css-loader": "^0.28.11",
      "jest": "^22.4.3",
      "moment": "^2.22.0",
      "node-sass": "^4.8.3",
      "normalize.css": "^8.0.0",
      "react": "^16.0.0",
      "react-addons-shallow-compare": "^15.6.2",
      "react-dates": "^16.6.0",
      "react-dom": "^16.0.0",
      "react-modal": "^3.3.2",
      "react-redux": "^5.0.7",
      "react-router-dom": "^4.2.2",
      "redux": "^3.7.2",
      "sass-loader": "^6.0.7",
      "style-loader": "^0.20.3",
      "uuid": "^3.2.1",
      "webpack": "^3.1.0",
      "webpack-dev-server": "^2.5.1"
    }
  }

yarn manifest: 
  No manifest

Lockfile: 
  No lockfile

Trace: 
  Error: Command failed.
  Exit code: 1
  Command: C:\WINDOWS\system32\cmd.exe
  Arguments: /d /s /c jest --watch
  Directory: H:\projects\expensify-react
  Output:
  
      at ProcessTermError.MessageError (C:\Users\asus\AppData\Roaming\npm\node_modules\yarn\lib\cli.js:186:110)
      at new ProcessTermError (C:\Users\asus\AppData\Roaming\npm\node_modules\yarn\lib\cli.js:226:113)
      at ChildProcess.<anonymous> (C:\Users\asus\AppData\Roaming\npm\node_modules\yarn\lib\cli.js:30281:17)
      at emitTwo (events.js:125:13)
      at ChildProcess.emit (events.js:213:7)
      at maybeClose (internal/child_process.js:927:16)
      at Process.ChildProcess._handle.onexit (internal/child_process.js:211:5)
